<?xml version="1.0" encoding="UTF-8"?>
<!-- Generated by org.testng.reporters.JUnitReportReporter -->
<testsuite hostname="DESKTOP-QPP5UC3" failures="0" tests="1" name="ReadExcel.Readxl" time="1.214" errors="0" timestamp="2023-12-28T12:16:52 IST" skipped="0">
  <testcase classname="ReadExcel.Readxl" name="readExcel" time="1.214"/>
</testsuite> <!-- ReadExcel.Readxl -->
