<?xml version="1.0" encoding="UTF-8"?>
<!-- Generated by org.testng.reporters.JUnitReportReporter -->
<testsuite hostname="DESKTOP-QPP5UC3" failures="0" tests="1" name="testcases.Login" time="0.954" errors="0" timestamp="2023-12-28T12:36:39 IST" skipped="0">
  <testcase classname="testcases.Login" name="readExcelTest" time="0.954"/>
</testsuite> <!-- testcases.Login -->
